<?xml version="1.0" encoding="UTF-8"?>
<!-- Generated by org.testng.reporters.JUnitReportReporter -->
<testsuite skipped="0" hostname="MDLT222" name="appium.Demo2" tests="1" failures="0" timestamp="2020-05-16T20:17:10 IST" time="41.336" errors="0">
  <testcase name="search" time="41.336" classname="appium.Demo2"/>
  <system-out/>
</testsuite> <!-- appium.Demo2 -->
