<?xml version="1.0" encoding="UTF-8"?>
<!-- Generated by org.testng.reporters.JUnitReportReporter -->
<testsuite skipped="0" hostname="MDLT222" name="scuba.Paramterization" tests="6" failures="0" timestamp="2020-06-29T16:42:56 IST" time="0.149" errors="0">
  <testcase name="div" time="0.011" classname="scuba.Paramterization"/>
  <system-out/>
  <testcase name="negate" time="0.018" classname="scuba.Paramterization"/>
  <system-out/>
  <testcase name="mod" time="0.013" classname="scuba.Paramterization"/>
  <system-out/>
  <testcase name="sub" time="0.008" classname="scuba.Paramterization"/>
  <system-out/>
  <testcase name="mul" time="0.012" classname="scuba.Paramterization"/>
  <system-out/>
  <testcase name="add" time="0.087" classname="scuba.Paramterization"/>
  <system-out/>
</testsuite> <!-- scuba.Paramterization -->
