<?xml version="1.0" encoding="UTF-8"?>
<!-- Generated by org.testng.reporters.JUnitReportReporter -->
<testsuite skipped="0" hostname="MDLT222" name="vayu.Sample2" tests="1" failures="0" timestamp="2020-06-08T11:48:13 IST" time="40.390" errors="0">
  <testcase name="method1" time="40.390" classname="vayu.Sample2"/>
  <system-out/>
</testsuite> <!-- vayu.Sample2 -->
