<?xml version="1.0" encoding="UTF-8"?>
<!-- Generated by org.testng.reporters.JUnitReportReporter -->
<testsuite skipped="0" hostname="MDLT222" name="scuba.TestNGData" tests="2" failures="0" timestamp="2020-06-30T13:24:18 IST" time="0.309" errors="0">
  <testcase name="squareRoot" time="0.063" classname="scuba.TestNGData"/>
  <system-out>
TestNG_ReportsAndLogs -> SquareRoot  </system-out>
  <testcase name="squareRoot" time="0.246" classname="scuba.TestNGData"/>
  <system-out>
TestNG_ReportsAndLogs -> SquareRoot  </system-out>
</testsuite> <!-- scuba.TestNGData -->
