<?xml version="1.0" encoding="UTF-8"?>
<!-- Generated by org.testng.reporters.JUnitReportReporter -->
<testsuite skipped="0" hostname="MDLT222" name="either.Google2Test2" tests="1" failures="0" timestamp="2020-06-05T11:23:57 IST" time="43.168" errors="0">
  <testcase name="TestMethod" time="43.168" classname="either.Google2Test2"/>
  <system-out/>
</testsuite> <!-- either.Google2Test2 -->
