<?xml version="1.0" encoding="UTF-8"?>
<!-- Generated by org.testng.reporters.JUnitReportReporter -->
<testsuite skipped="0" hostname="MDLT222" name="appium.Demo1" tests="2" failures="0" timestamp="2020-05-16T20:53:55 IST" time="156.464" errors="0">
  <testcase name="search" time="99.524" classname="appium.Demo1"/>
  <system-out/>
  <testcase name="search1" time="56.940" classname="appium.Demo1"/>
  <system-out/>
</testsuite> <!-- appium.Demo1 -->
