<?xml version="1.0" encoding="UTF-8"?>
<!-- Generated by org.testng.reporters.JUnitReportReporter -->
<testsuite skipped="1" hostname="MDLT222" name="appium.EriBank" tests="2" failures="0" timestamp="2020-05-16T20:39:20 IST" time="58.131" errors="1">
  <testcase name="setUp" time="58.131" classname="appium.EriBank">
    <error type="org.openqa.selenium.SessionNotCreatedException" message="Unable to create a new remote session. Please check the server log for more details. Original error: An unknown server-side error occurred while processing the command. Original error: Cannot start the &#039;org.wordpress.android&#039; application. Visit https://github.com/appium/appium/blob/master/docs/en/writing-running-appium/android/activity-startup.md for troubleshooting. Original error: Error executing adbExec. Original error: &#039;Command &#039;&#039;C:\\Users\\prakashp\\Downloads\\Sdk 1 (1)\\Sdk\\platform-tools\\adb.exe&#039; -P 5037 -s db18013 shell am start -W -n org.wordpress.android/org.wordpress.android.ui.main.WPMainActivity -S&#039; exited with code 255&#039;; Stderr: &#039;Security exception: Permission Denial: starting Intent { flg=0x10000000 cmp=org.wordpress.android/.ui.main.WPMainActivity } from null (pid=30539, uid=2000) not exported from uid 10199

java.lang.SecurityException: Permission Denial: starting Intent { flg=0x10000000 cmp=org.wordpress.android/.ui.main.WPMainActivity } from null (pid=30539, uid=2000) not exported from uid 10199
	at com.android.server.am.ActivityStackSupervisor.checkStartAnyActivityPermission(ActivityStackSupervisor.java:1871)
	at com.android.server.am.ActivityStarter.startActivity(ActivityStarter.java:696)
	at com.android.server.am.ActivityStarter.startActivityLocked(ActivityStarter.java:382)
	at com.android.server.am.ActivityStarter.startActivityMayWait(ActivityStarter.java:1293)
	at com.android.server.am.ActivityManagerService.startActivityAndWait(ActivityManagerService.java:5865)
	at com.android.server.am.ActivityManagerShellCommand.runStartActivity(ActivityManagerShellCommand.java:415)
	at com.android.server.am.ActivityManagerShellCommand.onCommand(ActivityManagerShellCommand.java:144)
	at android.os.ShellCommand.exec(ShellCommand.java:96)
	at com.android.server.am.ActivityManagerService.onShellCommand(ActivityManagerService.java:17676)
	at android.os.Binder.shellCommand(Binder.java:595)
	at android.os.Binder.onTransact(Binder.java:493)
	at android.app.IActivityManager$Stub.onTransact(IActivityManager.java:4544)
	at com.android.server.am.ActivityManagerService.onTransact(ActivityManagerService.java:3493)
	at android.os.Binder.execTransact(Binder.java:708)&#039;; Code: &#039;255&#039;
Build info: version: &#039;3.141.59&#039;, revision: &#039;e82be7d358&#039;, time: &#039;2018-11-14T08:17:03&#039;
System info: host: &#039;MDLT222&#039;, ip: &#039;192.168.43.163&#039;, os.name: &#039;Windows 7&#039;, os.arch: &#039;amd64&#039;, os.version: &#039;6.1&#039;, java.version: &#039;1.8.0_201&#039;
Driver info: driver.version: AndroidDriver
remote stacktrace: UnknownError: An unknown server-side error occurred while processing the command. Original error: Cannot start the &#039;org.wordpress.android&#039; application. Visit https://github.com/appium/appium/blob/master/docs/en/writing-running-appium/android/activity-startup.md for troubleshooting. Original error: Error executing adbExec. Original error: &#039;Command &#039;&#039;C:\\Users\\prakashp\\Downloads\\Sdk 1 (1)\\Sdk\\platform-tools\\adb.exe&#039; -P 5037 -s db18013 shell am start -W -n org.wordpress.android/org.wordpress.android.ui.main.WPMainActivity -S&#039; exited with code 255&#039;; Stderr: &#039;Security exception: Permission Denial: starting Intent { flg=0x10000000 cmp=org.wordpress.android/.ui.main.WPMainActivity } from null (pid=30539, uid=2000) not exported from uid 10199

java.lang.SecurityException: Permission Denial: starting Intent { flg=0x10000000 cmp=org.wordpress.android/.ui.main.WPMainActivity } from null (pid=30539, uid=2000) not exported from uid 10199
	at com.android.server.am.ActivityStackSupervisor.checkStartAnyActivityPermission(ActivityStackSupervisor.java:1871)
	at com.android.server.am.ActivityStarter.startActivity(ActivityStarter.java:696)
	at com.android.server.am.ActivityStarter.startActivityLocked(ActivityStarter.java:382)
	at com.android.server.am.ActivityStarter.startActivityMayWait(ActivityStarter.java:1293)
	at com.android.server.am.ActivityManagerService.startActivityAndWait(ActivityManagerService.java:5865)
	at com.android.server.am.ActivityManagerShellCommand.runStartActivity(ActivityManagerShellCommand.java:415)
	at com.android.server.am.ActivityManagerShellCommand.onCommand(ActivityManagerShellCommand.java:144)
	at android.os.ShellCommand.exec(ShellCommand.java:96)
	at com.android.server.am.ActivityManagerService.onShellCommand(ActivityManagerService.java:17676)
	at android.os.Binder.shellCommand(Binder.java:595)
	at android.os.Binder.onTransact(Binder.java:493)
	at android.app.IActivityManager$Stub.onTransact(IActivityManager.java:4544)
	at com.android.server.am.ActivityManagerService.onTransact(ActivityManagerService.java:3493)
	at android.os.Binder.execTransact(Binder.java:708)&#039;; Code: &#039;255&#039;
    at getResponseForW3CError (C:\Users\prakashp\AppData\Local\Programs\Appium\resources\app\node_modules\appium\node_modules\appium-base-driver\lib\protocol\errors.js:804:9)
    at asyncHandler (C:\Users\prakashp\AppData\Local\Programs\Appium\resources\app\node_modules\appium\node_modules\appium-base-driver\lib\protocol\protocol.js:388:37)
    at process._tickCallback (internal/process/next_tick.js:68:7)
Build info: version: &#039;3.141.59&#039;, revision: &#039;e82be7d358&#039;, time: &#039;2018-11-14T08:17:03&#039;
System info: host: &#039;MDLT222&#039;, ip: &#039;192.168.43.163&#039;, os.name: &#039;Windows 7&#039;, os.arch: &#039;amd64&#039;, os.version: &#039;6.1&#039;, java.version: &#039;1.8.0_201&#039;
Driver info: driver.version: AndroidDriver">
      <![CDATA[org.openqa.selenium.SessionNotCreatedException: Unable to create a new remote session. Please check the server log for more details. Original error: An unknown server-side error occurred while processing the command. Original error: Cannot start the 'org.wordpress.android' application. Visit https://github.com/appium/appium/blob/master/docs/en/writing-running-appium/android/activity-startup.md for troubleshooting. Original error: Error executing adbExec. Original error: 'Command ''C:\\Users\\prakashp\\Downloads\\Sdk 1 (1)\\Sdk\\platform-tools\\adb.exe' -P 5037 -s db18013 shell am start -W -n org.wordpress.android/org.wordpress.android.ui.main.WPMainActivity -S' exited with code 255'; Stderr: 'Security exception: Permission Denial: starting Intent { flg=0x10000000 cmp=org.wordpress.android/.ui.main.WPMainActivity } from null (pid=30539, uid=2000) not exported from uid 10199

java.lang.SecurityException: Permission Denial: starting Intent { flg=0x10000000 cmp=org.wordpress.android/.ui.main.WPMainActivity } from null (pid=30539, uid=2000) not exported from uid 10199
at com.android.server.am.ActivityStackSupervisor.checkStartAnyActivityPermission(ActivityStackSupervisor.java:1871)
at com.android.server.am.ActivityStarter.startActivity(ActivityStarter.java:696)
at com.android.server.am.ActivityStarter.startActivityLocked(ActivityStarter.java:382)
at com.android.server.am.ActivityStarter.startActivityMayWait(ActivityStarter.java:1293)
at com.android.server.am.ActivityManagerService.startActivityAndWait(ActivityManagerService.java:5865)
at com.android.server.am.ActivityManagerShellCommand.runStartActivity(ActivityManagerShellCommand.java:415)
at com.android.server.am.ActivityManagerShellCommand.onCommand(ActivityManagerShellCommand.java:144)
at android.os.ShellCommand.exec(ShellCommand.java:96)
at com.android.server.am.ActivityManagerService.onShellCommand(ActivityManagerService.java:17676)
at android.os.Binder.shellCommand(Binder.java:595)
at android.os.Binder.onTransact(Binder.java:493)
at android.app.IActivityManager$Stub.onTransact(IActivityManager.java:4544)
at com.android.server.am.ActivityManagerService.onTransact(ActivityManagerService.java:3493)
at android.os.Binder.execTransact(Binder.java:708)'; Code: '255'
Build info: version: '3.141.59', revision: 'e82be7d358', time: '2018-11-14T08:17:03'
System info: host: 'MDLT222', ip: '192.168.43.163', os.name: 'Windows 7', os.arch: 'amd64', os.version: '6.1', java.version: '1.8.0_201'
Driver info: driver.version: AndroidDriver
remote stacktrace: UnknownError: An unknown server-side error occurred while processing the command. Original error: Cannot start the 'org.wordpress.android' application. Visit https://github.com/appium/appium/blob/master/docs/en/writing-running-appium/android/activity-startup.md for troubleshooting. Original error: Error executing adbExec. Original error: 'Command ''C:\\Users\\prakashp\\Downloads\\Sdk 1 (1)\\Sdk\\platform-tools\\adb.exe' -P 5037 -s db18013 shell am start -W -n org.wordpress.android/org.wordpress.android.ui.main.WPMainActivity -S' exited with code 255'; Stderr: 'Security exception: Permission Denial: starting Intent { flg=0x10000000 cmp=org.wordpress.android/.ui.main.WPMainActivity } from null (pid=30539, uid=2000) not exported from uid 10199

java.lang.SecurityException: Permission Denial: starting Intent { flg=0x10000000 cmp=org.wordpress.android/.ui.main.WPMainActivity } from null (pid=30539, uid=2000) not exported from uid 10199
at com.android.server.am.ActivityStackSupervisor.checkStartAnyActivityPermission(ActivityStackSupervisor.java:1871)
at com.android.server.am.ActivityStarter.startActivity(ActivityStarter.java:696)
at com.android.server.am.ActivityStarter.startActivityLocked(ActivityStarter.java:382)
at com.android.server.am.ActivityStarter.startActivityMayWait(ActivityStarter.java:1293)
at com.android.server.am.ActivityManagerService.startActivityAndWait(ActivityManagerService.java:5865)
at com.android.server.am.ActivityManagerShellCommand.runStartActivity(ActivityManagerShellCommand.java:415)
at com.android.server.am.ActivityManagerShellCommand.onCommand(ActivityManagerShellCommand.java:144)
at android.os.ShellCommand.exec(ShellCommand.java:96)
at com.android.server.am.ActivityManagerService.onShellCommand(ActivityManagerService.java:17676)
at android.os.Binder.shellCommand(Binder.java:595)
at android.os.Binder.onTransact(Binder.java:493)
at android.app.IActivityManager$Stub.onTransact(IActivityManager.java:4544)
at com.android.server.am.ActivityManagerService.onTransact(ActivityManagerService.java:3493)
at android.os.Binder.execTransact(Binder.java:708)'; Code: '255'
    at getResponseForW3CError (C:\Users\prakashp\AppData\Local\Programs\Appium\resources\app\node_modules\appium\node_modules\appium-base-driver\lib\protocol\errors.js:804:9)
    at asyncHandler (C:\Users\prakashp\AppData\Local\Programs\Appium\resources\app\node_modules\appium\node_modules\appium-base-driver\lib\protocol\protocol.js:388:37)
    at process._tickCallback (internal/process/next_tick.js:68:7)
Build info: version: '3.141.59', revision: 'e82be7d358', time: '2018-11-14T08:17:03'
System info: host: 'MDLT222', ip: '192.168.43.163', os.name: 'Windows 7', os.arch: 'amd64', os.version: '6.1', java.version: '1.8.0_201'
Driver info: driver.version: AndroidDriver
at io.appium.java_client.remote.AppiumCommandExecutor$1.createSession(AppiumCommandExecutor.java:208)
at io.appium.java_client.remote.AppiumCommandExecutor.createSession(AppiumCommandExecutor.java:217)
at io.appium.java_client.remote.AppiumCommandExecutor.execute(AppiumCommandExecutor.java:239)
at org.openqa.selenium.remote.RemoteWebDriver.execute(RemoteWebDriver.java:552)
at io.appium.java_client.DefaultGenericMobileDriver.execute(DefaultGenericMobileDriver.java:41)
at io.appium.java_client.AppiumDriver.execute(AppiumDriver.java:1)
at io.appium.java_client.android.AndroidDriver.execute(AndroidDriver.java:1)
at org.openqa.selenium.remote.RemoteWebDriver.startSession(RemoteWebDriver.java:213)
at io.appium.java_client.AppiumDriver.startSession(AppiumDriver.java:336)
at org.openqa.selenium.remote.RemoteWebDriver.<init>(RemoteWebDriver.java:131)
at io.appium.java_client.DefaultGenericMobileDriver.<init>(DefaultGenericMobileDriver.java:37)
at io.appium.java_client.AppiumDriver.<init>(AppiumDriver.java:88)
at io.appium.java_client.AppiumDriver.<init>(AppiumDriver.java:98)
at io.appium.java_client.android.AndroidDriver.<init>(AndroidDriver.java:94)
at appium.EriBank.setUp(EriBank.java:39)
at sun.reflect.NativeMethodAccessorImpl.invoke0(Native Method)
at sun.reflect.NativeMethodAccessorImpl.invoke(Unknown Source)
at sun.reflect.DelegatingMethodAccessorImpl.invoke(Unknown Source)
at java.lang.reflect.Method.invoke(Unknown Source)
at org.testng.internal.MethodInvocationHelper.invokeMethod(MethodInvocationHelper.java:134)
at org.testng.internal.MethodInvocationHelper.invokeMethodConsideringTimeout(MethodInvocationHelper.java:63)
at org.testng.internal.ConfigInvoker.invokeConfigurationMethod(ConfigInvoker.java:348)
at org.testng.internal.ConfigInvoker.invokeConfigurations(ConfigInvoker.java:302)
at org.testng.internal.TestInvoker.runConfigMethods(TestInvoker.java:695)
at org.testng.internal.TestInvoker.invokeMethod(TestInvoker.java:523)
at org.testng.internal.TestInvoker.invokeTestMethod(TestInvoker.java:173)
at org.testng.internal.MethodRunner.runInSequence(MethodRunner.java:46)
at org.testng.internal.TestInvoker$MethodInvocationAgent.invoke(TestInvoker.java:816)
at org.testng.internal.TestInvoker.invokeTestMethods(TestInvoker.java:146)
at org.testng.internal.TestMethodWorker.invokeTestMethods(TestMethodWorker.java:146)
at org.testng.internal.TestMethodWorker.run(TestMethodWorker.java:128)
at java.util.ArrayList.forEach(Unknown Source)
at org.testng.TestRunner.privateRun(TestRunner.java:766)
at org.testng.TestRunner.run(TestRunner.java:587)
at org.testng.SuiteRunner.runTest(SuiteRunner.java:384)
at org.testng.SuiteRunner.runSequentially(SuiteRunner.java:378)
at org.testng.SuiteRunner.privateRun(SuiteRunner.java:337)
at org.testng.SuiteRunner.run(SuiteRunner.java:286)
at org.testng.SuiteRunnerWorker.runSuite(SuiteRunnerWorker.java:53)
at org.testng.SuiteRunnerWorker.run(SuiteRunnerWorker.java:96)
at org.testng.TestNG.runSuitesSequentially(TestNG.java:1187)
at org.testng.TestNG.runSuitesLocally(TestNG.java:1109)
at org.testng.TestNG.runSuites(TestNG.java:1039)
at org.testng.TestNG.run(TestNG.java:1007)
at org.testng.remote.AbstractRemoteTestNG.run(AbstractRemoteTestNG.java:115)
at org.testng.remote.RemoteTestNG.initAndRun(RemoteTestNG.java:251)
at org.testng.remote.RemoteTestNG.main(RemoteTestNG.java:77)
Caused by: java.lang.reflect.InvocationTargetException
at sun.reflect.NativeMethodAccessorImpl.invoke0(Native Method)
at sun.reflect.NativeMethodAccessorImpl.invoke(Unknown Source)
at sun.reflect.DelegatingMethodAccessorImpl.invoke(Unknown Source)
at java.lang.reflect.Method.invoke(Unknown Source)
at io.appium.java_client.remote.AppiumCommandExecutor$1.createSession(AppiumCommandExecutor.java:186)
... 46 more
Caused by: org.openqa.selenium.WebDriverException: An unknown server-side error occurred while processing the command. Original error: Cannot start the 'org.wordpress.android' application. Visit https://github.com/appium/appium/blob/master/docs/en/writing-running-appium/android/activity-startup.md for troubleshooting. Original error: Error executing adbExec. Original error: 'Command ''C:\\Users\\prakashp\\Downloads\\Sdk 1 (1)\\Sdk\\platform-tools\\adb.exe' -P 5037 -s db18013 shell am start -W -n org.wordpress.android/org.wordpress.android.ui.main.WPMainActivity -S' exited with code 255'; Stderr: 'Security exception: Permission Denial: starting Intent { flg=0x10000000 cmp=org.wordpress.android/.ui.main.WPMainActivity } from null (pid=30539, uid=2000) not exported from uid 10199

java.lang.SecurityException: Permission Denial: starting Intent { flg=0x10000000 cmp=org.wordpress.android/.ui.main.WPMainActivity } from null (pid=30539, uid=2000) not exported from uid 10199
at com.android.server.am.ActivityStackSupervisor.checkStartAnyActivityPermission(ActivityStackSupervisor.java:1871)
at com.android.server.am.ActivityStarter.startActivity(ActivityStarter.java:696)
at com.android.server.am.ActivityStarter.startActivityLocked(ActivityStarter.java:382)
at com.android.server.am.ActivityStarter.startActivityMayWait(ActivityStarter.java:1293)
at com.android.server.am.ActivityManagerService.startActivityAndWait(ActivityManagerService.java:5865)
at com.android.server.am.ActivityManagerShellCommand.runStartActivity(ActivityManagerShellCommand.java:415)
at com.android.server.am.ActivityManagerShellCommand.onCommand(ActivityManagerShellCommand.java:144)
at android.os.ShellCommand.exec(ShellCommand.java:96)
at com.android.server.am.ActivityManagerService.onShellCommand(ActivityManagerService.java:17676)
at android.os.Binder.shellCommand(Binder.java:595)
at android.os.Binder.onTransact(Binder.java:493)
at android.app.IActivityManager$Stub.onTransact(IActivityManager.java:4544)
at com.android.server.am.ActivityManagerService.onTransact(ActivityManagerService.java:3493)
at android.os.Binder.execTransact(Binder.java:708)'; Code: '255'
Build info: version: '3.141.59', revision: 'e82be7d358', time: '2018-11-14T08:17:03'
System info: host: 'MDLT222', ip: '192.168.43.163', os.name: 'Windows 7', os.arch: 'amd64', os.version: '6.1', java.version: '1.8.0_201'
Driver info: driver.version: AndroidDriver
remote stacktrace: UnknownError: An unknown server-side error occurred while processing the command. Original error: Cannot start the 'org.wordpress.android' application. Visit https://github.com/appium/appium/blob/master/docs/en/writing-running-appium/android/activity-startup.md for troubleshooting. Original error: Error executing adbExec. Original error: 'Command ''C:\\Users\\prakashp\\Downloads\\Sdk 1 (1)\\Sdk\\platform-tools\\adb.exe' -P 5037 -s db18013 shell am start -W -n org.wordpress.android/org.wordpress.android.ui.main.WPMainActivity -S' exited with code 255'; Stderr: 'Security exception: Permission Denial: starting Intent { flg=0x10000000 cmp=org.wordpress.android/.ui.main.WPMainActivity } from null (pid=30539, uid=2000) not exported from uid 10199

java.lang.SecurityException: Permission Denial: starting Intent { flg=0x10000000 cmp=org.wordpress.android/.ui.main.WPMainActivity } from null (pid=30539, uid=2000) not exported from uid 10199
at com.android.server.am.ActivityStackSupervisor.checkStartAnyActivityPermission(ActivityStackSupervisor.java:1871)
at com.android.server.am.ActivityStarter.startActivity(ActivityStarter.java:696)
at com.android.server.am.ActivityStarter.startActivityLocked(ActivityStarter.java:382)
at com.android.server.am.ActivityStarter.startActivityMayWait(ActivityStarter.java:1293)
at com.android.server.am.ActivityManagerService.startActivityAndWait(ActivityManagerService.java:5865)
at com.android.server.am.ActivityManagerShellCommand.runStartActivity(ActivityManagerShellCommand.java:415)
at com.android.server.am.ActivityManagerShellCommand.onCommand(ActivityManagerShellCommand.java:144)
at android.os.ShellCommand.exec(ShellCommand.java:96)
at com.android.server.am.ActivityManagerService.onShellCommand(ActivityManagerService.java:17676)
at android.os.Binder.shellCommand(Binder.java:595)
at android.os.Binder.onTransact(Binder.java:493)
at android.app.IActivityManager$Stub.onTransact(IActivityManager.java:4544)
at com.android.server.am.ActivityManagerService.onTransact(ActivityManagerService.java:3493)
at android.os.Binder.execTransact(Binder.java:708)'; Code: '255'
    at getResponseForW3CError (C:\Users\prakashp\AppData\Local\Programs\Appium\resources\app\node_modules\appium\node_modules\appium-base-driver\lib\protocol\errors.js:804:9)
    at asyncHandler (C:\Users\prakashp\AppData\Local\Programs\Appium\resources\app\node_modules\appium\node_modules\appium-base-driver\lib\protocol\protocol.js:388:37)
    at process._tickCallback (internal/process/next_tick.js:68:7)
at sun.reflect.NativeConstructorAccessorImpl.newInstance0(Native Method)
at sun.reflect.NativeConstructorAccessorImpl.newInstance(Unknown Source)
at sun.reflect.DelegatingConstructorAccessorImpl.newInstance(Unknown Source)
at java.lang.reflect.Constructor.newInstance(Unknown Source)
at org.openqa.selenium.remote.W3CHandshakeResponse.lambda$errorHandler$0(W3CHandshakeResponse.java:62)
at org.openqa.selenium.remote.HandshakeResponse.lambda$getResponseFunction$0(HandshakeResponse.java:30)
at org.openqa.selenium.remote.ProtocolHandshake.lambda$createSession$0(ProtocolHandshake.java:126)
at java.util.stream.ReferencePipeline$3$1.accept(Unknown Source)
at java.util.Spliterators$ArraySpliterator.tryAdvance(Unknown Source)
at java.util.stream.ReferencePipeline.forEachWithCancel(Unknown Source)
at java.util.stream.AbstractPipeline.copyIntoWithCancel(Unknown Source)
at java.util.stream.AbstractPipeline.copyInto(Unknown Source)
at java.util.stream.AbstractPipeline.wrapAndCopyInto(Unknown Source)
at java.util.stream.FindOps$FindOp.evaluateSequential(Unknown Source)
at java.util.stream.AbstractPipeline.evaluate(Unknown Source)
at java.util.stream.ReferencePipeline.findFirst(Unknown Source)
at org.openqa.selenium.remote.ProtocolHandshake.createSession(ProtocolHandshake.java:128)
... 51 more
]]>
    </error>
  </testcase> <!-- setUp -->
  <system-out/>
  <testcase name="sampleTest" time="0.000" classname="appium.EriBank">
    <skipped/>
  </testcase> <!-- sampleTest -->
  <system-out/>
</testsuite> <!-- appium.EriBank -->
