<?xml version="1.0" encoding="UTF-8"?>
<!-- Generated by org.testng.reporters.JUnitReportReporter -->
<testsuite skipped="0" hostname="MDLT222" name="appium.EriBank" tests="1" failures="0" timestamp="2020-05-15T19:52:13 IST" time="65.542" errors="0">
  <testcase name="sampleTest" time="65.542" classname="appium.EriBank"/>
  <system-out/>
</testsuite> <!-- appium.EriBank -->
